0 info it worked if it ends with ok
1 verbose cli [ '/Users/evan/.nvm/v0.10.32/bin/node',
1 verbose cli   '/Users/evan/.nvm/v0.10.32/bin/npm',
1 verbose cli   'run',
1 verbose cli   'dev' ]
2 info using npm@1.4.28
3 info using node@v0.10.32
4 verbose run-script [ 'predev', 'dev', 'postdev' ]
5 info predev vue-hackernews@1.0.0
6 info dev vue-hackernews@1.0.0
7 verbose unsafe-perm in lifecycle true
8 info vue-hackernews@1.0.0 Failed to exec dev script
9 error vue-hackernews@1.0.0 dev: `watchify -v -t vueify -e src/main.js -o build/build.js`
9 error Exit status 8
10 error Failed at the vue-hackernews@1.0.0 dev script.
10 error This is most likely a problem with the vue-hackernews package,
10 error not with npm itself.
10 error Tell the author that this fails on your system:
10 error     watchify -v -t vueify -e src/main.js -o build/build.js
10 error You can get their info via:
10 error     npm owner ls vue-hackernews
10 error There is likely additional logging output above.
11 error System Darwin 13.4.0
12 error command "/Users/evan/.nvm/v0.10.32/bin/node" "/Users/evan/.nvm/v0.10.32/bin/npm" "run" "dev"
13 error cwd /Users/evan/Personal/vue-hackernews
14 error node -v v0.10.32
15 error npm -v 1.4.28
16 error code ELIFECYCLE
17 verbose exit [ 1, true ]
